{
    "level": "INFO",
    "message": "DATABASE_CONNECTION",
    "timestamp": "2025-06-10T10:58:12.002Z",
    "meta": {
        "CONNECTION_NAME": "test"
    }
}
{
    "level": "INFO",
    "message": "RATE_LIMITER_INITIATED",
    "timestamp": "2025-06-10T10:58:12.012Z",
    "meta": {}
}
{
    "level": "INFO",
    "message": "APPLICATION_STARTED",
    "timestamp": "2025-06-10T10:58:12.012Z",
    "meta": {}
}
{
    "level": "INFO",
    "message": "DATABASE_CONNECTION",
    "timestamp": "2025-06-10T10:58:31.539Z",
    "meta": {
        "CONNECTION_NAME": "test"
    }
}
{
    "level": "INFO",
    "message": "RATE_LIMITER_INITIATED",
    "timestamp": "2025-06-10T10:58:31.545Z",
    "meta": {}
}
{
    "level": "INFO",
    "message": "APPLICATION_STARTED",
    "timestamp": "2025-06-10T10:58:31.546Z",
    "meta": {
        "PORT": 5000
    }
}
{
    "level": "INFO",
    "message": "DATABASE_CONNECTION",
    "timestamp": "2025-06-10T10:58:35.133Z",
    "meta": {
        "CONNECTION_NAME": "test"
    }
}
{
    "level": "INFO",
    "message": "RATE_LIMITER_INITIATED",
    "timestamp": "2025-06-10T10:58:35.136Z",
    "meta": {}
}
{
    "level": "INFO",
    "message": "APPLICATION_STARTED",
    "timestamp": "2025-06-10T10:58:35.136Z",
    "meta": {
        "PORT": 5000
    }
}
{
    "level": "INFO",
    "message": "DATABASE_CONNECTION",
    "timestamp": "2025-06-10T10:58:38.289Z",
    "meta": {
        "CONNECTION_NAME": "test"
    }
}
{
    "level": "INFO",
    "message": "RATE_LIMITER_INITIATED",
    "timestamp": "2025-06-10T10:58:38.296Z",
    "meta": {}
}
{
    "level": "INFO",
    "message": "APPLICATION_STARTED",
    "timestamp": "2025-06-10T10:58:38.297Z",
    "meta": {
        "PORT": 5000,
        "SERVER_URL": "http://localhost:5000"
    }
}
{
    "level": "INFO",
    "message": "DATABASE_CONNECTION",
    "timestamp": "2025-06-10T10:59:02.509Z",
    "meta": {
        "CONNECTION_NAME": "test"
    }
}
{
    "level": "INFO",
    "message": "RATE_LIMITER_INITIATED",
    "timestamp": "2025-06-10T10:59:02.514Z",
    "meta": {}
}
{
    "level": "INFO",
    "message": "APPLICATION_STARTED",
    "timestamp": "2025-06-10T10:59:02.515Z",
    "meta": {
        "PORT": 5000,
        "SERVER_URL": "http://localhost:5000"
    }
}
{
    "level": "INFO",
    "message": "DATABASE_CONNECTION",
    "timestamp": "2025-06-10T10:59:09.365Z",
    "meta": {
        "CONNECTION_NAME": "test"
    }
}
{
    "level": "INFO",
    "message": "RATE_LIMITER_INITIATED",
    "timestamp": "2025-06-10T10:59:09.371Z",
    "meta": {}
}
{
    "level": "INFO",
    "message": "APPLICATION_STARTED",
    "timestamp": "2025-06-10T10:59:09.372Z",
    "meta": {
        "PORT": 5000,
        "SERVER_URL": "http://localhost:5000"
    }
}
{
    "level": "INFO",
    "message": "DATABASE_CONNECTION",
    "timestamp": "2025-06-10T10:59:13.902Z",
    "meta": {
        "CONNECTION_NAME": "test"
    }
}
{
    "level": "INFO",
    "message": "RATE_LIMITER_INITIATED",
    "timestamp": "2025-06-10T10:59:13.906Z",
    "meta": {}
}
{
    "level": "INFO",
    "message": "APPLICATION_STARTED",
    "timestamp": "2025-06-10T10:59:13.906Z",
    "meta": {
        "PORT": 5000,
        "SERVER_URL": "http://localhost:5000"
    }
}
{
    "level": "INFO",
    "message": "DATABASE_CONNECTION",
    "timestamp": "2025-06-10T10:59:21.195Z",
    "meta": {
        "CONNECTION_NAME": "test"
    }
}
{
    "level": "INFO",
    "message": "RATE_LIMITER_INITIATED",
    "timestamp": "2025-06-10T10:59:21.201Z",
    "meta": {}
}
{
    "level": "INFO",
    "message": "APPLICATION_STARTED",
    "timestamp": "2025-06-10T10:59:21.201Z",
    "meta": {
        "PORT": 5000,
        "SERVER_URL": "http://localhost:5000"
    }
}
{
    "level": "INFO",
    "message": "DATABASE_CONNECTION",
    "timestamp": "2025-06-10T10:59:32.427Z",
    "meta": {
        "CONNECTION_NAME": "test"
    }
}
{
    "level": "INFO",
    "message": "RATE_LIMITER_INITIATED",
    "timestamp": "2025-06-10T10:59:32.433Z",
    "meta": {}
}
{
    "level": "INFO",
    "message": "APPLICATION_STARTED",
    "timestamp": "2025-06-10T10:59:32.433Z",
    "meta": {
        "PORT": 5000,
        "SERVER_URL": "http://localhost:5000"
    }
}
{
    "level": "INFO",
    "message": "DATABASE_CONNECTION",
    "timestamp": "2025-06-10T10:59:43.715Z",
    "meta": {
        "CONNECTION_NAME": "test"
    }
}
{
    "level": "INFO",
    "message": "RATE_LIMITER_INITIATED",
    "timestamp": "2025-06-10T10:59:43.718Z",
    "meta": {}
}
{
    "level": "INFO",
    "message": "APPLICATION_STARTED",
    "timestamp": "2025-06-10T10:59:43.719Z",
    "meta": {
        "PORT": 5000,
        "SERVER_URL": "http://localhost:5000"
    }
}
{
    "level": "INFO",
    "message": "DATABASE_CONNECTION",
    "timestamp": "2025-06-10T11:00:01.468Z",
    "meta": {
        "CONNECTION_NAME": "test"
    }
}
{
    "level": "INFO",
    "message": "RATE_LIMITER_INITIATED",
    "timestamp": "2025-06-10T11:00:01.474Z",
    "meta": {}
}
{
    "level": "INFO",
    "message": "APPLICATION_STARTED",
    "timestamp": "2025-06-10T11:00:01.475Z",
    "meta": {
        "PORT": 5000,
        "SERVER_URL": "http://localhost:5000"
    }
}
{
    "level": "INFO",
    "message": "DATABASE_CONNECTION",
    "timestamp": "2025-07-01T13:56:55.756Z",
    "meta": {
        "CONNECTION_NAME": "taskflow"
    }
}
{
    "level": "INFO",
    "message": "RATE_LIMITER_INITIATED",
    "timestamp": "2025-07-01T13:56:55.759Z",
    "meta": {}
}
{
    "level": "INFO",
    "message": "APPLICATION_STARTED",
    "timestamp": "2025-07-01T13:56:55.759Z",
    "meta": {
        "PORT": 5000,
        "SERVER_URL": "http://localhost:5000"
    }
}
{
    "level": "INFO",
    "message": "CONTROLLER_RESPONSE",
    "timestamp": "2025-07-01T13:57:00.350Z",
    "meta": {
        "success": true,
        "statusCode": 200,
        "request": {
            "ip": "::1",
            "method": "GET",
            "url": "/v1/health"
        },
        "message": "The operation has been successful",
        "data": {
            "application": {
                "uptime": "5.35 Seconds",
                "memoryUsage": {
                    "heapTotal": "38.75 MB",
                    "heapUsed": "25.40 MB"
                }
            },
            "system": {
                "cpuUsage": [
                    16.70361328125,
                    10.685546875,
                    6.18994140625
                ],
                "totalMemory": "8192.00 MB",
                "freeMemory": "200.41 MB"
            },
            "timestamp": 1751378220350
        }
    }
}
{
    "level": "INFO",
    "message": "CONTROLLER_RESPONSE",
    "timestamp": "2025-07-01T13:57:00.356Z",
    "meta": {
        "success": true,
        "statusCode": 200,
        "request": {
            "ip": "::1",
            "method": "GET",
            "url": "/v1/health"
        },
        "message": "The operation has been successful",
        "data": {
            "application": {
                "uptime": "5.35 Seconds",
                "memoryUsage": {
                    "heapTotal": "39.00 MB",
                    "heapUsed": "25.68 MB"
                }
            },
            "system": {
                "cpuUsage": [
                    16.70361328125,
                    10.685546875,
                    6.18994140625
                ],
                "totalMemory": "8192.00 MB",
                "freeMemory": "186.33 MB"
            },
            "timestamp": 1751378220356
        }
    }
}
{
    "level": "INFO",
    "message": "CONTROLLER_RESPONSE",
    "timestamp": "2025-07-01T13:57:30.419Z",
    "meta": {
        "success": true,
        "statusCode": 200,
        "request": {
            "ip": "::1",
            "method": "GET",
            "url": "/v1/health"
        },
        "message": "The operation has been successful",
        "data": {
            "application": {
                "uptime": "35.42 Seconds",
                "memoryUsage": {
                    "heapTotal": "25.75 MB",
                    "heapUsed": "21.90 MB"
                }
            },
            "system": {
                "cpuUsage": [
                    13.6328125,
                    10.5849609375,
                    6.3125
                ],
                "totalMemory": "8192.00 MB",
                "freeMemory": "94.53 MB"
            },
            "timestamp": 1751378250418
        }
    }
}
